The target system is: Emscripten - 1 - x86
The host system is: Darwin - 18.6.0 - x86_64
Determining if the include file pthread.h exists passed with the following output:
Change Dir: /Users/tanknee/Documents/LocalCodeRepo/DigitalImageProcess/build_js/CMakeFiles/CMakeTmp

Run Build Command(s):/usr/bin/make cmTC_e876e/fast && /Users/tanknee/Downloads/Xcode.app/Contents/Developer/usr/bin/make  -f CMakeFiles/cmTC_e876e.dir/build.make CMakeFiles/cmTC_e876e.dir/build
Building C object CMakeFiles/cmTC_e876e.dir/CheckIncludeFile.c.o
/Users/tanknee/Documents/LocalCodeRepo/DigitalImageProcess/emsdk/upstream/emscripten/emcc   -s USE_PTHREADS=0    -fsigned-char -W -Wall -Werror=return-type -Werror=non-virtual-dtor -Werror=address -Werror=sequence-point -Wformat -Werror=format-security -Wmissing-declarations -Wmissing-prototypes -Wstrict-prototypes -Wundef -Winit-self -Wpointer-arith -Wshadow -Wsign-promo -Wuninitialized -Winconsistent-missing-override -Wno-delete-non-virtual-dtor -Wno-unnamed-type-template-args -Wno-comment -Wno-deprecated-enum-enum-conversion -Wno-deprecated-anon-enum-enum-conversion -fdiagnostics-show-option -pthread -Qunused-arguments -ffunction-sections -fdata-sections  -fvisibility=hidden -fvisibility-inlines-hidden  -DNDEBUG -O2  -DNDEBUG -o CMakeFiles/cmTC_e876e.dir/CheckIncludeFile.c.o -c /Users/tanknee/Documents/LocalCodeRepo/DigitalImageProcess/build_js/CMakeFiles/CMakeTmp/CheckIncludeFile.c
Linking C executable cmTC_e876e.js
/usr/local/Cellar/cmake/3.19.2/bin/cmake -E cmake_link_script CMakeFiles/cmTC_e876e.dir/link.txt --verbose=1
/Users/tanknee/Documents/LocalCodeRepo/DigitalImageProcess/emsdk/upstream/emscripten/emcc -s USE_PTHREADS=0    -fsigned-char -W -Wall -Werror=return-type -Werror=non-virtual-dtor -Werror=address -Werror=sequence-point -Wformat -Werror=format-security -Wmissing-declarations -Wmissing-prototypes -Wstrict-prototypes -Wundef -Winit-self -Wpointer-arith -Wshadow -Wsign-promo -Wuninitialized -Winconsistent-missing-override -Wno-delete-non-virtual-dtor -Wno-unnamed-type-template-args -Wno-comment -Wno-deprecated-enum-enum-conversion -Wno-deprecated-anon-enum-enum-conversion -fdiagnostics-show-option -pthread -Qunused-arguments -ffunction-sections -fdata-sections  -fvisibility=hidden -fvisibility-inlines-hidden  -DNDEBUG -O2  -DNDEBUG   -Wl,--gc-sections  -O2 @CMakeFiles/cmTC_e876e.dir/objects1.rsp -o cmTC_e876e.js 



Determining if the posix_memalign exist passed with the following output:
Change Dir: /Users/tanknee/Documents/LocalCodeRepo/DigitalImageProcess/build_js/CMakeFiles/CMakeTmp

Run Build Command(s):/usr/bin/make cmTC_a349a/fast && /Users/tanknee/Downloads/Xcode.app/Contents/Developer/usr/bin/make  -f CMakeFiles/cmTC_a349a.dir/build.make CMakeFiles/cmTC_a349a.dir/build
Building C object CMakeFiles/cmTC_a349a.dir/CheckSymbolExists.c.o
/Users/tanknee/Documents/LocalCodeRepo/DigitalImageProcess/emsdk/upstream/emscripten/emcc   -s USE_PTHREADS=0    -fsigned-char -W -Wall -Werror=return-type -Werror=non-virtual-dtor -Werror=address -Werror=sequence-point -Wformat -Werror=format-security -Wmissing-declarations -Wmissing-prototypes -Wstrict-prototypes -Wundef -Winit-self -Wpointer-arith -Wshadow -Wsign-promo -Wuninitialized -Winconsistent-missing-override -Wno-delete-non-virtual-dtor -Wno-unnamed-type-template-args -Wno-comment -Wno-deprecated-enum-enum-conversion -Wno-deprecated-anon-enum-enum-conversion -fdiagnostics-show-option -pthread -Qunused-arguments -ffunction-sections -fdata-sections  -fvisibility=hidden -fvisibility-inlines-hidden  -DNDEBUG -O2  -DNDEBUG -o CMakeFiles/cmTC_a349a.dir/CheckSymbolExists.c.o -c /Users/tanknee/Documents/LocalCodeRepo/DigitalImageProcess/build_js/CMakeFiles/CMakeTmp/CheckSymbolExists.c
Linking C executable cmTC_a349a.js
/usr/local/Cellar/cmake/3.19.2/bin/cmake -E cmake_link_script CMakeFiles/cmTC_a349a.dir/link.txt --verbose=1
/Users/tanknee/Documents/LocalCodeRepo/DigitalImageProcess/emsdk/upstream/emscripten/emcc -s USE_PTHREADS=0    -fsigned-char -W -Wall -Werror=return-type -Werror=non-virtual-dtor -Werror=address -Werror=sequence-point -Wformat -Werror=format-security -Wmissing-declarations -Wmissing-prototypes -Wstrict-prototypes -Wundef -Winit-self -Wpointer-arith -Wshadow -Wsign-promo -Wuninitialized -Winconsistent-missing-override -Wno-delete-non-virtual-dtor -Wno-unnamed-type-template-args -Wno-comment -Wno-deprecated-enum-enum-conversion -Wno-deprecated-anon-enum-enum-conversion -fdiagnostics-show-option -pthread -Qunused-arguments -ffunction-sections -fdata-sections  -fvisibility=hidden -fvisibility-inlines-hidden  -DNDEBUG -O2  -DNDEBUG   -Wl,--gc-sections  -O2 @CMakeFiles/cmTC_a349a.dir/objects1.rsp -o cmTC_a349a.js 


File /Users/tanknee/Documents/LocalCodeRepo/DigitalImageProcess/build_js/CMakeFiles/CMakeTmp/CheckSymbolExists.c:
/* */
#include <stdlib.h>

int main(int argc, char** argv)
{
  (void)argv;
#ifndef posix_memalign
  return ((int*)(&posix_memalign))[argc];
#else
  (void)argc;
  return 0;
#endif
}
Determining if the include file malloc.h exists passed with the following output:
Change Dir: /Users/tanknee/Documents/LocalCodeRepo/DigitalImageProcess/build_js/CMakeFiles/CMakeTmp

Run Build Command(s):/usr/bin/make cmTC_4d441/fast && /Users/tanknee/Downloads/Xcode.app/Contents/Developer/usr/bin/make  -f CMakeFiles/cmTC_4d441.dir/build.make CMakeFiles/cmTC_4d441.dir/build
Building C object CMakeFiles/cmTC_4d441.dir/CheckIncludeFile.c.o
/Users/tanknee/Documents/LocalCodeRepo/DigitalImageProcess/emsdk/upstream/emscripten/emcc   -s USE_PTHREADS=0    -fsigned-char -W -Wall -Werror=return-type -Werror=non-virtual-dtor -Werror=address -Werror=sequence-point -Wformat -Werror=format-security -Wmissing-declarations -Wmissing-prototypes -Wstrict-prototypes -Wundef -Winit-self -Wpointer-arith -Wshadow -Wsign-promo -Wuninitialized -Winconsistent-missing-override -Wno-delete-non-virtual-dtor -Wno-unnamed-type-template-args -Wno-comment -Wno-deprecated-enum-enum-conversion -Wno-deprecated-anon-enum-enum-conversion -fdiagnostics-show-option -pthread -Qunused-arguments -ffunction-sections -fdata-sections  -fvisibility=hidden -fvisibility-inlines-hidden  -DNDEBUG -O2  -DNDEBUG -o CMakeFiles/cmTC_4d441.dir/CheckIncludeFile.c.o -c /Users/tanknee/Documents/LocalCodeRepo/DigitalImageProcess/build_js/CMakeFiles/CMakeTmp/CheckIncludeFile.c
Linking C executable cmTC_4d441.js
/usr/local/Cellar/cmake/3.19.2/bin/cmake -E cmake_link_script CMakeFiles/cmTC_4d441.dir/link.txt --verbose=1
/Users/tanknee/Documents/LocalCodeRepo/DigitalImageProcess/emsdk/upstream/emscripten/emcc -s USE_PTHREADS=0    -fsigned-char -W -Wall -Werror=return-type -Werror=non-virtual-dtor -Werror=address -Werror=sequence-point -Wformat -Werror=format-security -Wmissing-declarations -Wmissing-prototypes -Wstrict-prototypes -Wundef -Winit-self -Wpointer-arith -Wshadow -Wsign-promo -Wuninitialized -Winconsistent-missing-override -Wno-delete-non-virtual-dtor -Wno-unnamed-type-template-args -Wno-comment -Wno-deprecated-enum-enum-conversion -Wno-deprecated-anon-enum-enum-conversion -fdiagnostics-show-option -pthread -Qunused-arguments -ffunction-sections -fdata-sections  -fvisibility=hidden -fvisibility-inlines-hidden  -DNDEBUG -O2  -DNDEBUG   -Wl,--gc-sections  -O2 @CMakeFiles/cmTC_4d441.dir/objects1.rsp -o cmTC_4d441.js 



Determining if the memalign exist passed with the following output:
Change Dir: /Users/tanknee/Documents/LocalCodeRepo/DigitalImageProcess/build_js/CMakeFiles/CMakeTmp

Run Build Command(s):/usr/bin/make cmTC_e5f15/fast && /Users/tanknee/Downloads/Xcode.app/Contents/Developer/usr/bin/make  -f CMakeFiles/cmTC_e5f15.dir/build.make CMakeFiles/cmTC_e5f15.dir/build
Building C object CMakeFiles/cmTC_e5f15.dir/CheckSymbolExists.c.o
/Users/tanknee/Documents/LocalCodeRepo/DigitalImageProcess/emsdk/upstream/emscripten/emcc   -s USE_PTHREADS=0    -fsigned-char -W -Wall -Werror=return-type -Werror=non-virtual-dtor -Werror=address -Werror=sequence-point -Wformat -Werror=format-security -Wmissing-declarations -Wmissing-prototypes -Wstrict-prototypes -Wundef -Winit-self -Wpointer-arith -Wshadow -Wsign-promo -Wuninitialized -Winconsistent-missing-override -Wno-delete-non-virtual-dtor -Wno-unnamed-type-template-args -Wno-comment -Wno-deprecated-enum-enum-conversion -Wno-deprecated-anon-enum-enum-conversion -fdiagnostics-show-option -pthread -Qunused-arguments -ffunction-sections -fdata-sections  -fvisibility=hidden -fvisibility-inlines-hidden  -DNDEBUG -O2  -DNDEBUG -o CMakeFiles/cmTC_e5f15.dir/CheckSymbolExists.c.o -c /Users/tanknee/Documents/LocalCodeRepo/DigitalImageProcess/build_js/CMakeFiles/CMakeTmp/CheckSymbolExists.c
Linking C executable cmTC_e5f15.js
/usr/local/Cellar/cmake/3.19.2/bin/cmake -E cmake_link_script CMakeFiles/cmTC_e5f15.dir/link.txt --verbose=1
/Users/tanknee/Documents/LocalCodeRepo/DigitalImageProcess/emsdk/upstream/emscripten/emcc -s USE_PTHREADS=0    -fsigned-char -W -Wall -Werror=return-type -Werror=non-virtual-dtor -Werror=address -Werror=sequence-point -Wformat -Werror=format-security -Wmissing-declarations -Wmissing-prototypes -Wstrict-prototypes -Wundef -Winit-self -Wpointer-arith -Wshadow -Wsign-promo -Wuninitialized -Winconsistent-missing-override -Wno-delete-non-virtual-dtor -Wno-unnamed-type-template-args -Wno-comment -Wno-deprecated-enum-enum-conversion -Wno-deprecated-anon-enum-enum-conversion -fdiagnostics-show-option -pthread -Qunused-arguments -ffunction-sections -fdata-sections  -fvisibility=hidden -fvisibility-inlines-hidden  -DNDEBUG -O2  -DNDEBUG   -Wl,--gc-sections  -O2 @CMakeFiles/cmTC_e5f15.dir/objects1.rsp -o cmTC_e5f15.js 


File /Users/tanknee/Documents/LocalCodeRepo/DigitalImageProcess/build_js/CMakeFiles/CMakeTmp/CheckSymbolExists.c:
/* */
#include <malloc.h>

int main(int argc, char** argv)
{
  (void)argv;
#ifndef memalign
  return ((int*)(&memalign))[argc];
#else
  (void)argc;
  return 0;
#endif
}
Determining if the function fseeko exists passed with the following output:
Change Dir: /Users/tanknee/Documents/LocalCodeRepo/DigitalImageProcess/build_js/CMakeFiles/CMakeTmp

Run Build Command(s):/usr/bin/make cmTC_3f13e/fast && /Users/tanknee/Downloads/Xcode.app/Contents/Developer/usr/bin/make  -f CMakeFiles/cmTC_3f13e.dir/build.make CMakeFiles/cmTC_3f13e.dir/build
Building C object CMakeFiles/cmTC_3f13e.dir/CheckFunctionExists.c.o
/Users/tanknee/Documents/LocalCodeRepo/DigitalImageProcess/emsdk/upstream/emscripten/emcc   -s USE_PTHREADS=0    -fsigned-char -W -Wall -Werror=return-type -Werror=non-virtual-dtor -Werror=address -Werror=sequence-point -Wformat -Werror=format-security -Wmissing-declarations -Wmissing-prototypes -Wstrict-prototypes -Wundef -Winit-self -Wpointer-arith -Wshadow -Wsign-promo -Wuninitialized -Winconsistent-missing-override -Wno-delete-non-virtual-dtor -Wno-unnamed-type-template-args -Wno-comment -Wno-deprecated-enum-enum-conversion -Wno-deprecated-anon-enum-enum-conversion -fdiagnostics-show-option -pthread -Qunused-arguments -ffunction-sections -fdata-sections  -fvisibility=hidden -fvisibility-inlines-hidden -DCHECK_FUNCTION_EXISTS=fseeko -DNDEBUG -O2  -DNDEBUG -o CMakeFiles/cmTC_3f13e.dir/CheckFunctionExists.c.o -c /usr/local/Cellar/cmake/3.19.2/share/cmake/Modules/CheckFunctionExists.c
Linking C executable cmTC_3f13e.js
/usr/local/Cellar/cmake/3.19.2/bin/cmake -E cmake_link_script CMakeFiles/cmTC_3f13e.dir/link.txt --verbose=1
/Users/tanknee/Documents/LocalCodeRepo/DigitalImageProcess/emsdk/upstream/emscripten/emcc -s USE_PTHREADS=0    -fsigned-char -W -Wall -Werror=return-type -Werror=non-virtual-dtor -Werror=address -Werror=sequence-point -Wformat -Werror=format-security -Wmissing-declarations -Wmissing-prototypes -Wstrict-prototypes -Wundef -Winit-self -Wpointer-arith -Wshadow -Wsign-promo -Wuninitialized -Winconsistent-missing-override -Wno-delete-non-virtual-dtor -Wno-unnamed-type-template-args -Wno-comment -Wno-deprecated-enum-enum-conversion -Wno-deprecated-anon-enum-enum-conversion -fdiagnostics-show-option -pthread -Qunused-arguments -ffunction-sections -fdata-sections  -fvisibility=hidden -fvisibility-inlines-hidden -DCHECK_FUNCTION_EXISTS=fseeko -DNDEBUG -O2  -DNDEBUG   -Wl,--gc-sections  -O2 @CMakeFiles/cmTC_3f13e.dir/objects1.rsp -o cmTC_3f13e.js 
wasm-ld: warning: function signature mismatch: fseeko
>>> defined as () -> i32 in CMakeFiles/cmTC_3f13e.dir/CheckFunctionExists.c.o
>>> defined as (i32, i64, i32) -> i32 in /Users/tanknee/Documents/LocalCodeRepo/DigitalImageProcess/emsdk/upstream/emscripten/cache/wasm/libc.a(fseek.o)



Determining if the include file unistd.h exists passed with the following output:
Change Dir: /Users/tanknee/Documents/LocalCodeRepo/DigitalImageProcess/build_js/CMakeFiles/CMakeTmp

Run Build Command(s):/usr/bin/make cmTC_b09a7/fast && /Users/tanknee/Downloads/Xcode.app/Contents/Developer/usr/bin/make  -f CMakeFiles/cmTC_b09a7.dir/build.make CMakeFiles/cmTC_b09a7.dir/build
Building C object CMakeFiles/cmTC_b09a7.dir/CheckIncludeFile.c.o
/Users/tanknee/Documents/LocalCodeRepo/DigitalImageProcess/emsdk/upstream/emscripten/emcc   -s USE_PTHREADS=0    -fsigned-char -W -Wall -Werror=return-type -Werror=non-virtual-dtor -Werror=address -Werror=sequence-point -Wformat -Werror=format-security -Wmissing-declarations -Wmissing-prototypes -Wstrict-prototypes -Wundef -Winit-self -Wpointer-arith -Wshadow -Wsign-promo -Wuninitialized -Winconsistent-missing-override -Wno-delete-non-virtual-dtor -Wno-unnamed-type-template-args -Wno-comment -Wno-deprecated-enum-enum-conversion -Wno-deprecated-anon-enum-enum-conversion -fdiagnostics-show-option -pthread -Qunused-arguments -ffunction-sections -fdata-sections  -fvisibility=hidden -fvisibility-inlines-hidden  -DNDEBUG -O2  -DNDEBUG -o CMakeFiles/cmTC_b09a7.dir/CheckIncludeFile.c.o -c /Users/tanknee/Documents/LocalCodeRepo/DigitalImageProcess/build_js/CMakeFiles/CMakeTmp/CheckIncludeFile.c
Linking C executable cmTC_b09a7.js
/usr/local/Cellar/cmake/3.19.2/bin/cmake -E cmake_link_script CMakeFiles/cmTC_b09a7.dir/link.txt --verbose=1
/Users/tanknee/Documents/LocalCodeRepo/DigitalImageProcess/emsdk/upstream/emscripten/emcc -s USE_PTHREADS=0    -fsigned-char -W -Wall -Werror=return-type -Werror=non-virtual-dtor -Werror=address -Werror=sequence-point -Wformat -Werror=format-security -Wmissing-declarations -Wmissing-prototypes -Wstrict-prototypes -Wundef -Winit-self -Wpointer-arith -Wshadow -Wsign-promo -Wuninitialized -Winconsistent-missing-override -Wno-delete-non-virtual-dtor -Wno-unnamed-type-template-args -Wno-comment -Wno-deprecated-enum-enum-conversion -Wno-deprecated-anon-enum-enum-conversion -fdiagnostics-show-option -pthread -Qunused-arguments -ffunction-sections -fdata-sections  -fvisibility=hidden -fvisibility-inlines-hidden  -DNDEBUG -O2  -DNDEBUG   -Wl,--gc-sections  -O2 @CMakeFiles/cmTC_b09a7.dir/objects1.rsp -o cmTC_b09a7.js 



Determining if the include file sys/types.h exists passed with the following output:
Change Dir: /Users/tanknee/Documents/LocalCodeRepo/DigitalImageProcess/build_js/CMakeFiles/CMakeTmp

Run Build Command(s):/usr/bin/make cmTC_efde8/fast && /Users/tanknee/Downloads/Xcode.app/Contents/Developer/usr/bin/make  -f CMakeFiles/cmTC_efde8.dir/build.make CMakeFiles/cmTC_efde8.dir/build
Building C object CMakeFiles/cmTC_efde8.dir/CheckIncludeFile.c.o
/Users/tanknee/Documents/LocalCodeRepo/DigitalImageProcess/emsdk/upstream/emscripten/emcc   -s USE_PTHREADS=0    -fsigned-char -W -Wall -Werror=return-type -Werror=non-virtual-dtor -Werror=address -Werror=sequence-point -Wformat -Werror=format-security -Wmissing-declarations -Wmissing-prototypes -Wstrict-prototypes -Wundef -Winit-self -Wpointer-arith -Wshadow -Wsign-promo -Wuninitialized -Winconsistent-missing-override -Wno-delete-non-virtual-dtor -Wno-unnamed-type-template-args -Wno-comment -Wno-deprecated-enum-enum-conversion -Wno-deprecated-anon-enum-enum-conversion -fdiagnostics-show-option -pthread -Qunused-arguments -ffunction-sections -fdata-sections  -fvisibility=hidden -fvisibility-inlines-hidden  -DNDEBUG -O2  -DNDEBUG -o CMakeFiles/cmTC_efde8.dir/CheckIncludeFile.c.o -c /Users/tanknee/Documents/LocalCodeRepo/DigitalImageProcess/build_js/CMakeFiles/CMakeTmp/CheckIncludeFile.c
Linking C executable cmTC_efde8.js
/usr/local/Cellar/cmake/3.19.2/bin/cmake -E cmake_link_script CMakeFiles/cmTC_efde8.dir/link.txt --verbose=1
/Users/tanknee/Documents/LocalCodeRepo/DigitalImageProcess/emsdk/upstream/emscripten/emcc -s USE_PTHREADS=0    -fsigned-char -W -Wall -Werror=return-type -Werror=non-virtual-dtor -Werror=address -Werror=sequence-point -Wformat -Werror=format-security -Wmissing-declarations -Wmissing-prototypes -Wstrict-prototypes -Wundef -Winit-self -Wpointer-arith -Wshadow -Wsign-promo -Wuninitialized -Winconsistent-missing-override -Wno-delete-non-virtual-dtor -Wno-unnamed-type-template-args -Wno-comment -Wno-deprecated-enum-enum-conversion -Wno-deprecated-anon-enum-enum-conversion -fdiagnostics-show-option -pthread -Qunused-arguments -ffunction-sections -fdata-sections  -fvisibility=hidden -fvisibility-inlines-hidden  -DNDEBUG -O2  -DNDEBUG   -Wl,--gc-sections  -O2 @CMakeFiles/cmTC_efde8.dir/objects1.rsp -o cmTC_efde8.js 



Determining if the include file stdint.h exists passed with the following output:
Change Dir: /Users/tanknee/Documents/LocalCodeRepo/DigitalImageProcess/build_js/CMakeFiles/CMakeTmp

Run Build Command(s):/usr/bin/make cmTC_b76ab/fast && /Users/tanknee/Downloads/Xcode.app/Contents/Developer/usr/bin/make  -f CMakeFiles/cmTC_b76ab.dir/build.make CMakeFiles/cmTC_b76ab.dir/build
Building C object CMakeFiles/cmTC_b76ab.dir/CheckIncludeFile.c.o
/Users/tanknee/Documents/LocalCodeRepo/DigitalImageProcess/emsdk/upstream/emscripten/emcc   -s USE_PTHREADS=0    -fsigned-char -W -Wall -Werror=return-type -Werror=non-virtual-dtor -Werror=address -Werror=sequence-point -Wformat -Werror=format-security -Wmissing-declarations -Wmissing-prototypes -Wstrict-prototypes -Wundef -Winit-self -Wpointer-arith -Wshadow -Wsign-promo -Wuninitialized -Winconsistent-missing-override -Wno-delete-non-virtual-dtor -Wno-unnamed-type-template-args -Wno-comment -Wno-deprecated-enum-enum-conversion -Wno-deprecated-anon-enum-enum-conversion -fdiagnostics-show-option -pthread -Qunused-arguments -ffunction-sections -fdata-sections  -fvisibility=hidden -fvisibility-inlines-hidden  -DNDEBUG -O2  -DNDEBUG -o CMakeFiles/cmTC_b76ab.dir/CheckIncludeFile.c.o -c /Users/tanknee/Documents/LocalCodeRepo/DigitalImageProcess/build_js/CMakeFiles/CMakeTmp/CheckIncludeFile.c
Linking C executable cmTC_b76ab.js
/usr/local/Cellar/cmake/3.19.2/bin/cmake -E cmake_link_script CMakeFiles/cmTC_b76ab.dir/link.txt --verbose=1
/Users/tanknee/Documents/LocalCodeRepo/DigitalImageProcess/emsdk/upstream/emscripten/emcc -s USE_PTHREADS=0    -fsigned-char -W -Wall -Werror=return-type -Werror=non-virtual-dtor -Werror=address -Werror=sequence-point -Wformat -Werror=format-security -Wmissing-declarations -Wmissing-prototypes -Wstrict-prototypes -Wundef -Winit-self -Wpointer-arith -Wshadow -Wsign-promo -Wuninitialized -Winconsistent-missing-override -Wno-delete-non-virtual-dtor -Wno-unnamed-type-template-args -Wno-comment -Wno-deprecated-enum-enum-conversion -Wno-deprecated-anon-enum-enum-conversion -fdiagnostics-show-option -pthread -Qunused-arguments -ffunction-sections -fdata-sections  -fvisibility=hidden -fvisibility-inlines-hidden  -DNDEBUG -O2  -DNDEBUG   -Wl,--gc-sections  -O2 @CMakeFiles/cmTC_b76ab.dir/objects1.rsp -o cmTC_b76ab.js 



Determining if the include file stddef.h exists passed with the following output:
Change Dir: /Users/tanknee/Documents/LocalCodeRepo/DigitalImageProcess/build_js/CMakeFiles/CMakeTmp

Run Build Command(s):/usr/bin/make cmTC_2687e/fast && /Users/tanknee/Downloads/Xcode.app/Contents/Developer/usr/bin/make  -f CMakeFiles/cmTC_2687e.dir/build.make CMakeFiles/cmTC_2687e.dir/build
Building C object CMakeFiles/cmTC_2687e.dir/CheckIncludeFile.c.o
/Users/tanknee/Documents/LocalCodeRepo/DigitalImageProcess/emsdk/upstream/emscripten/emcc   -s USE_PTHREADS=0    -fsigned-char -W -Wall -Werror=return-type -Werror=non-virtual-dtor -Werror=address -Werror=sequence-point -Wformat -Werror=format-security -Wmissing-declarations -Wmissing-prototypes -Wstrict-prototypes -Wundef -Winit-self -Wpointer-arith -Wshadow -Wsign-promo -Wuninitialized -Winconsistent-missing-override -Wno-delete-non-virtual-dtor -Wno-unnamed-type-template-args -Wno-comment -Wno-deprecated-enum-enum-conversion -Wno-deprecated-anon-enum-enum-conversion -fdiagnostics-show-option -pthread -Qunused-arguments -ffunction-sections -fdata-sections  -fvisibility=hidden -fvisibility-inlines-hidden  -DNDEBUG -O2  -DNDEBUG -o CMakeFiles/cmTC_2687e.dir/CheckIncludeFile.c.o -c /Users/tanknee/Documents/LocalCodeRepo/DigitalImageProcess/build_js/CMakeFiles/CMakeTmp/CheckIncludeFile.c
Linking C executable cmTC_2687e.js
/usr/local/Cellar/cmake/3.19.2/bin/cmake -E cmake_link_script CMakeFiles/cmTC_2687e.dir/link.txt --verbose=1
/Users/tanknee/Documents/LocalCodeRepo/DigitalImageProcess/emsdk/upstream/emscripten/emcc -s USE_PTHREADS=0    -fsigned-char -W -Wall -Werror=return-type -Werror=non-virtual-dtor -Werror=address -Werror=sequence-point -Wformat -Werror=format-security -Wmissing-declarations -Wmissing-prototypes -Wstrict-prototypes -Wundef -Winit-self -Wpointer-arith -Wshadow -Wsign-promo -Wuninitialized -Winconsistent-missing-override -Wno-delete-non-virtual-dtor -Wno-unnamed-type-template-args -Wno-comment -Wno-deprecated-enum-enum-conversion -Wno-deprecated-anon-enum-enum-conversion -fdiagnostics-show-option -pthread -Qunused-arguments -ffunction-sections -fdata-sections  -fvisibility=hidden -fvisibility-inlines-hidden  -DNDEBUG -O2  -DNDEBUG   -Wl,--gc-sections  -O2 @CMakeFiles/cmTC_2687e.dir/objects1.rsp -o cmTC_2687e.js 



Determining if the include file string.h exists passed with the following output:
Change Dir: /Users/tanknee/Documents/LocalCodeRepo/DigitalImageProcess/build_js/CMakeFiles/CMakeTmp

Run Build Command(s):/usr/bin/make cmTC_43226/fast && /Users/tanknee/Downloads/Xcode.app/Contents/Developer/usr/bin/make  -f CMakeFiles/cmTC_43226.dir/build.make CMakeFiles/cmTC_43226.dir/build
Building C object CMakeFiles/cmTC_43226.dir/CheckIncludeFile.c.o
/Users/tanknee/Documents/LocalCodeRepo/DigitalImageProcess/emsdk/upstream/emscripten/emcc   -s USE_PTHREADS=0    -fsigned-char -W -Wall -Werror=return-type -Werror=non-virtual-dtor -Werror=address -Werror=sequence-point -Wformat -Werror=format-security -Wmissing-declarations -Wmissing-prototypes -Wstrict-prototypes -Wundef -Winit-self -Wpointer-arith -Wshadow -Wsign-promo -Wuninitialized -Winconsistent-missing-override -Wno-delete-non-virtual-dtor -Wno-unnamed-type-template-args -Wno-comment -Wno-deprecated-enum-enum-conversion -Wno-deprecated-anon-enum-enum-conversion -fdiagnostics-show-option -pthread -Qunused-arguments -ffunction-sections -fdata-sections  -fvisibility=hidden -fvisibility-inlines-hidden -Wno-implicit-const-int-float-conversion  -DNDEBUG -O2  -DNDEBUG -o CMakeFiles/cmTC_43226.dir/CheckIncludeFile.c.o -c /Users/tanknee/Documents/LocalCodeRepo/DigitalImageProcess/build_js/CMakeFiles/CMakeTmp/CheckIncludeFile.c
Linking C executable cmTC_43226.js
/usr/local/Cellar/cmake/3.19.2/bin/cmake -E cmake_link_script CMakeFiles/cmTC_43226.dir/link.txt --verbose=1
/Users/tanknee/Documents/LocalCodeRepo/DigitalImageProcess/emsdk/upstream/emscripten/emcc -s USE_PTHREADS=0    -fsigned-char -W -Wall -Werror=return-type -Werror=non-virtual-dtor -Werror=address -Werror=sequence-point -Wformat -Werror=format-security -Wmissing-declarations -Wmissing-prototypes -Wstrict-prototypes -Wundef -Winit-self -Wpointer-arith -Wshadow -Wsign-promo -Wuninitialized -Winconsistent-missing-override -Wno-delete-non-virtual-dtor -Wno-unnamed-type-template-args -Wno-comment -Wno-deprecated-enum-enum-conversion -Wno-deprecated-anon-enum-enum-conversion -fdiagnostics-show-option -pthread -Qunused-arguments -ffunction-sections -fdata-sections  -fvisibility=hidden -fvisibility-inlines-hidden -Wno-implicit-const-int-float-conversion  -DNDEBUG -O2  -DNDEBUG   -Wl,--gc-sections  -O2 @CMakeFiles/cmTC_43226.dir/objects1.rsp -o cmTC_43226.js 



Determining if the include file memory.h exists passed with the following output:
Change Dir: /Users/tanknee/Documents/LocalCodeRepo/DigitalImageProcess/build_js/CMakeFiles/CMakeTmp

Run Build Command(s):/usr/bin/make cmTC_dfa97/fast && /Users/tanknee/Downloads/Xcode.app/Contents/Developer/usr/bin/make  -f CMakeFiles/cmTC_dfa97.dir/build.make CMakeFiles/cmTC_dfa97.dir/build
Building C object CMakeFiles/cmTC_dfa97.dir/CheckIncludeFile.c.o
/Users/tanknee/Documents/LocalCodeRepo/DigitalImageProcess/emsdk/upstream/emscripten/emcc   -s USE_PTHREADS=0    -fsigned-char -W -Wall -Werror=return-type -Werror=non-virtual-dtor -Werror=address -Werror=sequence-point -Wformat -Werror=format-security -Wmissing-declarations -Wmissing-prototypes -Wstrict-prototypes -Wundef -Winit-self -Wpointer-arith -Wshadow -Wsign-promo -Wuninitialized -Winconsistent-missing-override -Wno-delete-non-virtual-dtor -Wno-unnamed-type-template-args -Wno-comment -Wno-deprecated-enum-enum-conversion -Wno-deprecated-anon-enum-enum-conversion -fdiagnostics-show-option -pthread -Qunused-arguments -ffunction-sections -fdata-sections  -fvisibility=hidden -fvisibility-inlines-hidden -Wno-implicit-const-int-float-conversion  -DNDEBUG -O2  -DNDEBUG -o CMakeFiles/cmTC_dfa97.dir/CheckIncludeFile.c.o -c /Users/tanknee/Documents/LocalCodeRepo/DigitalImageProcess/build_js/CMakeFiles/CMakeTmp/CheckIncludeFile.c
Linking C executable cmTC_dfa97.js
/usr/local/Cellar/cmake/3.19.2/bin/cmake -E cmake_link_script CMakeFiles/cmTC_dfa97.dir/link.txt --verbose=1
/Users/tanknee/Documents/LocalCodeRepo/DigitalImageProcess/emsdk/upstream/emscripten/emcc -s USE_PTHREADS=0    -fsigned-char -W -Wall -Werror=return-type -Werror=non-virtual-dtor -Werror=address -Werror=sequence-point -Wformat -Werror=format-security -Wmissing-declarations -Wmissing-prototypes -Wstrict-prototypes -Wundef -Winit-self -Wpointer-arith -Wshadow -Wsign-promo -Wuninitialized -Winconsistent-missing-override -Wno-delete-non-virtual-dtor -Wno-unnamed-type-template-args -Wno-comment -Wno-deprecated-enum-enum-conversion -Wno-deprecated-anon-enum-enum-conversion -fdiagnostics-show-option -pthread -Qunused-arguments -ffunction-sections -fdata-sections  -fvisibility=hidden -fvisibility-inlines-hidden -Wno-implicit-const-int-float-conversion  -DNDEBUG -O2  -DNDEBUG   -Wl,--gc-sections  -O2 @CMakeFiles/cmTC_dfa97.dir/objects1.rsp -o cmTC_dfa97.js 



Determining if the include file stdlib.h exists passed with the following output:
Change Dir: /Users/tanknee/Documents/LocalCodeRepo/DigitalImageProcess/build_js/CMakeFiles/CMakeTmp

Run Build Command(s):/usr/bin/make cmTC_8be29/fast && /Users/tanknee/Downloads/Xcode.app/Contents/Developer/usr/bin/make  -f CMakeFiles/cmTC_8be29.dir/build.make CMakeFiles/cmTC_8be29.dir/build
Building C object CMakeFiles/cmTC_8be29.dir/CheckIncludeFile.c.o
/Users/tanknee/Documents/LocalCodeRepo/DigitalImageProcess/emsdk/upstream/emscripten/emcc   -s USE_PTHREADS=0    -fsigned-char -W -Wall -Werror=return-type -Werror=non-virtual-dtor -Werror=address -Werror=sequence-point -Wformat -Werror=format-security -Wmissing-declarations -Wmissing-prototypes -Wstrict-prototypes -Wundef -Winit-self -Wpointer-arith -Wshadow -Wsign-promo -Wuninitialized -Winconsistent-missing-override -Wno-delete-non-virtual-dtor -Wno-unnamed-type-template-args -Wno-comment -Wno-deprecated-enum-enum-conversion -Wno-deprecated-anon-enum-enum-conversion -fdiagnostics-show-option -pthread -Qunused-arguments -ffunction-sections -fdata-sections  -fvisibility=hidden -fvisibility-inlines-hidden -Wno-implicit-const-int-float-conversion  -DNDEBUG -O2  -DNDEBUG -o CMakeFiles/cmTC_8be29.dir/CheckIncludeFile.c.o -c /Users/tanknee/Documents/LocalCodeRepo/DigitalImageProcess/build_js/CMakeFiles/CMakeTmp/CheckIncludeFile.c
Linking C executable cmTC_8be29.js
/usr/local/Cellar/cmake/3.19.2/bin/cmake -E cmake_link_script CMakeFiles/cmTC_8be29.dir/link.txt --verbose=1
/Users/tanknee/Documents/LocalCodeRepo/DigitalImageProcess/emsdk/upstream/emscripten/emcc -s USE_PTHREADS=0    -fsigned-char -W -Wall -Werror=return-type -Werror=non-virtual-dtor -Werror=address -Werror=sequence-point -Wformat -Werror=format-security -Wmissing-declarations -Wmissing-prototypes -Wstrict-prototypes -Wundef -Winit-self -Wpointer-arith -Wshadow -Wsign-promo -Wuninitialized -Winconsistent-missing-override -Wno-delete-non-virtual-dtor -Wno-unnamed-type-template-args -Wno-comment -Wno-deprecated-enum-enum-conversion -Wno-deprecated-anon-enum-enum-conversion -fdiagnostics-show-option -pthread -Qunused-arguments -ffunction-sections -fdata-sections  -fvisibility=hidden -fvisibility-inlines-hidden -Wno-implicit-const-int-float-conversion  -DNDEBUG -O2  -DNDEBUG   -Wl,--gc-sections  -O2 @CMakeFiles/cmTC_8be29.dir/objects1.rsp -o cmTC_8be29.js 



Determining if the include file stdio.h exists passed with the following output:
Change Dir: /Users/tanknee/Documents/LocalCodeRepo/DigitalImageProcess/build_js/CMakeFiles/CMakeTmp

Run Build Command(s):/usr/bin/make cmTC_8b86a/fast && /Users/tanknee/Downloads/Xcode.app/Contents/Developer/usr/bin/make  -f CMakeFiles/cmTC_8b86a.dir/build.make CMakeFiles/cmTC_8b86a.dir/build
Building C object CMakeFiles/cmTC_8b86a.dir/CheckIncludeFile.c.o
/Users/tanknee/Documents/LocalCodeRepo/DigitalImageProcess/emsdk/upstream/emscripten/emcc   -s USE_PTHREADS=0    -fsigned-char -W -Wall -Werror=return-type -Werror=non-virtual-dtor -Werror=address -Werror=sequence-point -Wformat -Werror=format-security -Wmissing-declarations -Wmissing-prototypes -Wstrict-prototypes -Wundef -Winit-self -Wpointer-arith -Wshadow -Wsign-promo -Wuninitialized -Winconsistent-missing-override -Wno-delete-non-virtual-dtor -Wno-unnamed-type-template-args -Wno-comment -Wno-deprecated-enum-enum-conversion -Wno-deprecated-anon-enum-enum-conversion -fdiagnostics-show-option -pthread -Qunused-arguments -ffunction-sections -fdata-sections  -fvisibility=hidden -fvisibility-inlines-hidden -Wno-implicit-const-int-float-conversion  -DNDEBUG -O2  -DNDEBUG -o CMakeFiles/cmTC_8b86a.dir/CheckIncludeFile.c.o -c /Users/tanknee/Documents/LocalCodeRepo/DigitalImageProcess/build_js/CMakeFiles/CMakeTmp/CheckIncludeFile.c
Linking C executable cmTC_8b86a.js
/usr/local/Cellar/cmake/3.19.2/bin/cmake -E cmake_link_script CMakeFiles/cmTC_8b86a.dir/link.txt --verbose=1
/Users/tanknee/Documents/LocalCodeRepo/DigitalImageProcess/emsdk/upstream/emscripten/emcc -s USE_PTHREADS=0    -fsigned-char -W -Wall -Werror=return-type -Werror=non-virtual-dtor -Werror=address -Werror=sequence-point -Wformat -Werror=format-security -Wmissing-declarations -Wmissing-prototypes -Wstrict-prototypes -Wundef -Winit-self -Wpointer-arith -Wshadow -Wsign-promo -Wuninitialized -Winconsistent-missing-override -Wno-delete-non-virtual-dtor -Wno-unnamed-type-template-args -Wno-comment -Wno-deprecated-enum-enum-conversion -Wno-deprecated-anon-enum-enum-conversion -fdiagnostics-show-option -pthread -Qunused-arguments -ffunction-sections -fdata-sections  -fvisibility=hidden -fvisibility-inlines-hidden -Wno-implicit-const-int-float-conversion  -DNDEBUG -O2  -DNDEBUG   -Wl,--gc-sections  -O2 @CMakeFiles/cmTC_8b86a.dir/objects1.rsp -o cmTC_8b86a.js 



Determining if the include file math.h exists passed with the following output:
Change Dir: /Users/tanknee/Documents/LocalCodeRepo/DigitalImageProcess/build_js/CMakeFiles/CMakeTmp

Run Build Command(s):/usr/bin/make cmTC_d2be7/fast && /Users/tanknee/Downloads/Xcode.app/Contents/Developer/usr/bin/make  -f CMakeFiles/cmTC_d2be7.dir/build.make CMakeFiles/cmTC_d2be7.dir/build
Building C object CMakeFiles/cmTC_d2be7.dir/CheckIncludeFile.c.o
/Users/tanknee/Documents/LocalCodeRepo/DigitalImageProcess/emsdk/upstream/emscripten/emcc   -s USE_PTHREADS=0    -fsigned-char -W -Wall -Werror=return-type -Werror=non-virtual-dtor -Werror=address -Werror=sequence-point -Wformat -Werror=format-security -Wmissing-declarations -Wmissing-prototypes -Wstrict-prototypes -Wundef -Winit-self -Wpointer-arith -Wshadow -Wsign-promo -Wuninitialized -Winconsistent-missing-override -Wno-delete-non-virtual-dtor -Wno-unnamed-type-template-args -Wno-comment -Wno-deprecated-enum-enum-conversion -Wno-deprecated-anon-enum-enum-conversion -fdiagnostics-show-option -pthread -Qunused-arguments -ffunction-sections -fdata-sections  -fvisibility=hidden -fvisibility-inlines-hidden -Wno-implicit-const-int-float-conversion  -DNDEBUG -O2  -DNDEBUG -o CMakeFiles/cmTC_d2be7.dir/CheckIncludeFile.c.o -c /Users/tanknee/Documents/LocalCodeRepo/DigitalImageProcess/build_js/CMakeFiles/CMakeTmp/CheckIncludeFile.c
Linking C executable cmTC_d2be7.js
/usr/local/Cellar/cmake/3.19.2/bin/cmake -E cmake_link_script CMakeFiles/cmTC_d2be7.dir/link.txt --verbose=1
/Users/tanknee/Documents/LocalCodeRepo/DigitalImageProcess/emsdk/upstream/emscripten/emcc -s USE_PTHREADS=0    -fsigned-char -W -Wall -Werror=return-type -Werror=non-virtual-dtor -Werror=address -Werror=sequence-point -Wformat -Werror=format-security -Wmissing-declarations -Wmissing-prototypes -Wstrict-prototypes -Wundef -Winit-self -Wpointer-arith -Wshadow -Wsign-promo -Wuninitialized -Winconsistent-missing-override -Wno-delete-non-virtual-dtor -Wno-unnamed-type-template-args -Wno-comment -Wno-deprecated-enum-enum-conversion -Wno-deprecated-anon-enum-enum-conversion -fdiagnostics-show-option -pthread -Qunused-arguments -ffunction-sections -fdata-sections  -fvisibility=hidden -fvisibility-inlines-hidden -Wno-implicit-const-int-float-conversion  -DNDEBUG -O2  -DNDEBUG   -Wl,--gc-sections  -O2 @CMakeFiles/cmTC_d2be7.dir/objects1.rsp -o cmTC_d2be7.js 



Determining if the include file float.h exists passed with the following output:
Change Dir: /Users/tanknee/Documents/LocalCodeRepo/DigitalImageProcess/build_js/CMakeFiles/CMakeTmp

Run Build Command(s):/usr/bin/make cmTC_92181/fast && /Users/tanknee/Downloads/Xcode.app/Contents/Developer/usr/bin/make  -f CMakeFiles/cmTC_92181.dir/build.make CMakeFiles/cmTC_92181.dir/build
Building C object CMakeFiles/cmTC_92181.dir/CheckIncludeFile.c.o
/Users/tanknee/Documents/LocalCodeRepo/DigitalImageProcess/emsdk/upstream/emscripten/emcc   -s USE_PTHREADS=0    -fsigned-char -W -Wall -Werror=return-type -Werror=non-virtual-dtor -Werror=address -Werror=sequence-point -Wformat -Werror=format-security -Wmissing-declarations -Wmissing-prototypes -Wstrict-prototypes -Wundef -Winit-self -Wpointer-arith -Wshadow -Wsign-promo -Wuninitialized -Winconsistent-missing-override -Wno-delete-non-virtual-dtor -Wno-unnamed-type-template-args -Wno-comment -Wno-deprecated-enum-enum-conversion -Wno-deprecated-anon-enum-enum-conversion -fdiagnostics-show-option -pthread -Qunused-arguments -ffunction-sections -fdata-sections  -fvisibility=hidden -fvisibility-inlines-hidden -Wno-implicit-const-int-float-conversion  -DNDEBUG -O2  -DNDEBUG -o CMakeFiles/cmTC_92181.dir/CheckIncludeFile.c.o -c /Users/tanknee/Documents/LocalCodeRepo/DigitalImageProcess/build_js/CMakeFiles/CMakeTmp/CheckIncludeFile.c
Linking C executable cmTC_92181.js
/usr/local/Cellar/cmake/3.19.2/bin/cmake -E cmake_link_script CMakeFiles/cmTC_92181.dir/link.txt --verbose=1
/Users/tanknee/Documents/LocalCodeRepo/DigitalImageProcess/emsdk/upstream/emscripten/emcc -s USE_PTHREADS=0    -fsigned-char -W -Wall -Werror=return-type -Werror=non-virtual-dtor -Werror=address -Werror=sequence-point -Wformat -Werror=format-security -Wmissing-declarations -Wmissing-prototypes -Wstrict-prototypes -Wundef -Winit-self -Wpointer-arith -Wshadow -Wsign-promo -Wuninitialized -Winconsistent-missing-override -Wno-delete-non-virtual-dtor -Wno-unnamed-type-template-args -Wno-comment -Wno-deprecated-enum-enum-conversion -Wno-deprecated-anon-enum-enum-conversion -fdiagnostics-show-option -pthread -Qunused-arguments -ffunction-sections -fdata-sections  -fvisibility=hidden -fvisibility-inlines-hidden -Wno-implicit-const-int-float-conversion  -DNDEBUG -O2  -DNDEBUG   -Wl,--gc-sections  -O2 @CMakeFiles/cmTC_92181.dir/objects1.rsp -o cmTC_92181.js 



Determining if the include file time.h exists passed with the following output:
Change Dir: /Users/tanknee/Documents/LocalCodeRepo/DigitalImageProcess/build_js/CMakeFiles/CMakeTmp

Run Build Command(s):/usr/bin/make cmTC_e6841/fast && /Users/tanknee/Downloads/Xcode.app/Contents/Developer/usr/bin/make  -f CMakeFiles/cmTC_e6841.dir/build.make CMakeFiles/cmTC_e6841.dir/build
Building C object CMakeFiles/cmTC_e6841.dir/CheckIncludeFile.c.o
/Users/tanknee/Documents/LocalCodeRepo/DigitalImageProcess/emsdk/upstream/emscripten/emcc   -s USE_PTHREADS=0    -fsigned-char -W -Wall -Werror=return-type -Werror=non-virtual-dtor -Werror=address -Werror=sequence-point -Wformat -Werror=format-security -Wmissing-declarations -Wmissing-prototypes -Wstrict-prototypes -Wundef -Winit-self -Wpointer-arith -Wshadow -Wsign-promo -Wuninitialized -Winconsistent-missing-override -Wno-delete-non-virtual-dtor -Wno-unnamed-type-template-args -Wno-comment -Wno-deprecated-enum-enum-conversion -Wno-deprecated-anon-enum-enum-conversion -fdiagnostics-show-option -pthread -Qunused-arguments -ffunction-sections -fdata-sections  -fvisibility=hidden -fvisibility-inlines-hidden -Wno-implicit-const-int-float-conversion  -DNDEBUG -O2  -DNDEBUG -o CMakeFiles/cmTC_e6841.dir/CheckIncludeFile.c.o -c /Users/tanknee/Documents/LocalCodeRepo/DigitalImageProcess/build_js/CMakeFiles/CMakeTmp/CheckIncludeFile.c
Linking C executable cmTC_e6841.js
/usr/local/Cellar/cmake/3.19.2/bin/cmake -E cmake_link_script CMakeFiles/cmTC_e6841.dir/link.txt --verbose=1
/Users/tanknee/Documents/LocalCodeRepo/DigitalImageProcess/emsdk/upstream/emscripten/emcc -s USE_PTHREADS=0    -fsigned-char -W -Wall -Werror=return-type -Werror=non-virtual-dtor -Werror=address -Werror=sequence-point -Wformat -Werror=format-security -Wmissing-declarations -Wmissing-prototypes -Wstrict-prototypes -Wundef -Winit-self -Wpointer-arith -Wshadow -Wsign-promo -Wuninitialized -Winconsistent-missing-override -Wno-delete-non-virtual-dtor -Wno-unnamed-type-template-args -Wno-comment -Wno-deprecated-enum-enum-conversion -Wno-deprecated-anon-enum-enum-conversion -fdiagnostics-show-option -pthread -Qunused-arguments -ffunction-sections -fdata-sections  -fvisibility=hidden -fvisibility-inlines-hidden -Wno-implicit-const-int-float-conversion  -DNDEBUG -O2  -DNDEBUG   -Wl,--gc-sections  -O2 @CMakeFiles/cmTC_e6841.dir/objects1.rsp -o cmTC_e6841.js 



Determining if the include file stdarg.h exists passed with the following output:
Change Dir: /Users/tanknee/Documents/LocalCodeRepo/DigitalImageProcess/build_js/CMakeFiles/CMakeTmp

Run Build Command(s):/usr/bin/make cmTC_f3369/fast && /Users/tanknee/Downloads/Xcode.app/Contents/Developer/usr/bin/make  -f CMakeFiles/cmTC_f3369.dir/build.make CMakeFiles/cmTC_f3369.dir/build
Building C object CMakeFiles/cmTC_f3369.dir/CheckIncludeFile.c.o
/Users/tanknee/Documents/LocalCodeRepo/DigitalImageProcess/emsdk/upstream/emscripten/emcc   -s USE_PTHREADS=0    -fsigned-char -W -Wall -Werror=return-type -Werror=non-virtual-dtor -Werror=address -Werror=sequence-point -Wformat -Werror=format-security -Wmissing-declarations -Wmissing-prototypes -Wstrict-prototypes -Wundef -Winit-self -Wpointer-arith -Wshadow -Wsign-promo -Wuninitialized -Winconsistent-missing-override -Wno-delete-non-virtual-dtor -Wno-unnamed-type-template-args -Wno-comment -Wno-deprecated-enum-enum-conversion -Wno-deprecated-anon-enum-enum-conversion -fdiagnostics-show-option -pthread -Qunused-arguments -ffunction-sections -fdata-sections  -fvisibility=hidden -fvisibility-inlines-hidden -Wno-implicit-const-int-float-conversion  -DNDEBUG -O2  -DNDEBUG -o CMakeFiles/cmTC_f3369.dir/CheckIncludeFile.c.o -c /Users/tanknee/Documents/LocalCodeRepo/DigitalImageProcess/build_js/CMakeFiles/CMakeTmp/CheckIncludeFile.c
Linking C executable cmTC_f3369.js
/usr/local/Cellar/cmake/3.19.2/bin/cmake -E cmake_link_script CMakeFiles/cmTC_f3369.dir/link.txt --verbose=1
/Users/tanknee/Documents/LocalCodeRepo/DigitalImageProcess/emsdk/upstream/emscripten/emcc -s USE_PTHREADS=0    -fsigned-char -W -Wall -Werror=return-type -Werror=non-virtual-dtor -Werror=address -Werror=sequence-point -Wformat -Werror=format-security -Wmissing-declarations -Wmissing-prototypes -Wstrict-prototypes -Wundef -Winit-self -Wpointer-arith -Wshadow -Wsign-promo -Wuninitialized -Winconsistent-missing-override -Wno-delete-non-virtual-dtor -Wno-unnamed-type-template-args -Wno-comment -Wno-deprecated-enum-enum-conversion -Wno-deprecated-anon-enum-enum-conversion -fdiagnostics-show-option -pthread -Qunused-arguments -ffunction-sections -fdata-sections  -fvisibility=hidden -fvisibility-inlines-hidden -Wno-implicit-const-int-float-conversion  -DNDEBUG -O2  -DNDEBUG   -Wl,--gc-sections  -O2 @CMakeFiles/cmTC_f3369.dir/objects1.rsp -o cmTC_f3369.js 



Determining if the include file ctype.h exists passed with the following output:
Change Dir: /Users/tanknee/Documents/LocalCodeRepo/DigitalImageProcess/build_js/CMakeFiles/CMakeTmp

Run Build Command(s):/usr/bin/make cmTC_c873b/fast && /Users/tanknee/Downloads/Xcode.app/Contents/Developer/usr/bin/make  -f CMakeFiles/cmTC_c873b.dir/build.make CMakeFiles/cmTC_c873b.dir/build
Building C object CMakeFiles/cmTC_c873b.dir/CheckIncludeFile.c.o
/Users/tanknee/Documents/LocalCodeRepo/DigitalImageProcess/emsdk/upstream/emscripten/emcc   -s USE_PTHREADS=0    -fsigned-char -W -Wall -Werror=return-type -Werror=non-virtual-dtor -Werror=address -Werror=sequence-point -Wformat -Werror=format-security -Wmissing-declarations -Wmissing-prototypes -Wstrict-prototypes -Wundef -Winit-self -Wpointer-arith -Wshadow -Wsign-promo -Wuninitialized -Winconsistent-missing-override -Wno-delete-non-virtual-dtor -Wno-unnamed-type-template-args -Wno-comment -Wno-deprecated-enum-enum-conversion -Wno-deprecated-anon-enum-enum-conversion -fdiagnostics-show-option -pthread -Qunused-arguments -ffunction-sections -fdata-sections  -fvisibility=hidden -fvisibility-inlines-hidden -Wno-implicit-const-int-float-conversion  -DNDEBUG -O2  -DNDEBUG -o CMakeFiles/cmTC_c873b.dir/CheckIncludeFile.c.o -c /Users/tanknee/Documents/LocalCodeRepo/DigitalImageProcess/build_js/CMakeFiles/CMakeTmp/CheckIncludeFile.c
Linking C executable cmTC_c873b.js
/usr/local/Cellar/cmake/3.19.2/bin/cmake -E cmake_link_script CMakeFiles/cmTC_c873b.dir/link.txt --verbose=1
/Users/tanknee/Documents/LocalCodeRepo/DigitalImageProcess/emsdk/upstream/emscripten/emcc -s USE_PTHREADS=0    -fsigned-char -W -Wall -Werror=return-type -Werror=non-virtual-dtor -Werror=address -Werror=sequence-point -Wformat -Werror=format-security -Wmissing-declarations -Wmissing-prototypes -Wstrict-prototypes -Wundef -Winit-self -Wpointer-arith -Wshadow -Wsign-promo -Wuninitialized -Winconsistent-missing-override -Wno-delete-non-virtual-dtor -Wno-unnamed-type-template-args -Wno-comment -Wno-deprecated-enum-enum-conversion -Wno-deprecated-anon-enum-enum-conversion -fdiagnostics-show-option -pthread -Qunused-arguments -ffunction-sections -fdata-sections  -fvisibility=hidden -fvisibility-inlines-hidden -Wno-implicit-const-int-float-conversion  -DNDEBUG -O2  -DNDEBUG   -Wl,--gc-sections  -O2 @CMakeFiles/cmTC_c873b.dir/objects1.rsp -o cmTC_c873b.js 



Determining if the include file assert.h exists passed with the following output:
Change Dir: /Users/tanknee/Documents/LocalCodeRepo/DigitalImageProcess/build_js/CMakeFiles/CMakeTmp

Run Build Command(s):/usr/bin/make cmTC_02a94/fast && /Users/tanknee/Downloads/Xcode.app/Contents/Developer/usr/bin/make  -f CMakeFiles/cmTC_02a94.dir/build.make CMakeFiles/cmTC_02a94.dir/build
Building C object CMakeFiles/cmTC_02a94.dir/CheckIncludeFile.c.o
/Users/tanknee/Documents/LocalCodeRepo/DigitalImageProcess/emsdk/upstream/emscripten/emcc   -s USE_PTHREADS=0    -fsigned-char -W -Wall -Werror=return-type -Werror=non-virtual-dtor -Werror=address -Werror=sequence-point -Wformat -Werror=format-security -Wmissing-declarations -Wmissing-prototypes -Wstrict-prototypes -Wundef -Winit-self -Wpointer-arith -Wshadow -Wsign-promo -Wuninitialized -Winconsistent-missing-override -Wno-delete-non-virtual-dtor -Wno-unnamed-type-template-args -Wno-comment -Wno-deprecated-enum-enum-conversion -Wno-deprecated-anon-enum-enum-conversion -fdiagnostics-show-option -pthread -Qunused-arguments -ffunction-sections -fdata-sections  -fvisibility=hidden -fvisibility-inlines-hidden -Wno-implicit-const-int-float-conversion  -DNDEBUG -O2  -DNDEBUG -o CMakeFiles/cmTC_02a94.dir/CheckIncludeFile.c.o -c /Users/tanknee/Documents/LocalCodeRepo/DigitalImageProcess/build_js/CMakeFiles/CMakeTmp/CheckIncludeFile.c
Linking C executable cmTC_02a94.js
/usr/local/Cellar/cmake/3.19.2/bin/cmake -E cmake_link_script CMakeFiles/cmTC_02a94.dir/link.txt --verbose=1
/Users/tanknee/Documents/LocalCodeRepo/DigitalImageProcess/emsdk/upstream/emscripten/emcc -s USE_PTHREADS=0    -fsigned-char -W -Wall -Werror=return-type -Werror=non-virtual-dtor -Werror=address -Werror=sequence-point -Wformat -Werror=format-security -Wmissing-declarations -Wmissing-prototypes -Wstrict-prototypes -Wundef -Winit-self -Wpointer-arith -Wshadow -Wsign-promo -Wuninitialized -Winconsistent-missing-override -Wno-delete-non-virtual-dtor -Wno-unnamed-type-template-args -Wno-comment -Wno-deprecated-enum-enum-conversion -Wno-deprecated-anon-enum-enum-conversion -fdiagnostics-show-option -pthread -Qunused-arguments -ffunction-sections -fdata-sections  -fvisibility=hidden -fvisibility-inlines-hidden -Wno-implicit-const-int-float-conversion  -DNDEBUG -O2  -DNDEBUG   -Wl,--gc-sections  -O2 @CMakeFiles/cmTC_02a94.dir/objects1.rsp -o cmTC_02a94.js 



Determining if the include file stdint.h exists passed with the following output:
Change Dir: /Users/tanknee/Documents/LocalCodeRepo/DigitalImageProcess/build_js/CMakeFiles/CMakeTmp

Run Build Command(s):/usr/bin/make cmTC_16887/fast && /Users/tanknee/Downloads/Xcode.app/Contents/Developer/usr/bin/make  -f CMakeFiles/cmTC_16887.dir/build.make CMakeFiles/cmTC_16887.dir/build
Building C object CMakeFiles/cmTC_16887.dir/CheckIncludeFile.c.o
/Users/tanknee/Documents/LocalCodeRepo/DigitalImageProcess/emsdk/upstream/emscripten/emcc   -s USE_PTHREADS=0    -fsigned-char -W -Wall -Werror=return-type -Werror=non-virtual-dtor -Werror=address -Werror=sequence-point -Wformat -Werror=format-security -Wmissing-declarations -Wmissing-prototypes -Wstrict-prototypes -Wundef -Winit-self -Wpointer-arith -Wshadow -Wsign-promo -Wuninitialized -Winconsistent-missing-override -Wno-delete-non-virtual-dtor -Wno-unnamed-type-template-args -Wno-comment -Wno-deprecated-enum-enum-conversion -Wno-deprecated-anon-enum-enum-conversion -fdiagnostics-show-option -pthread -Qunused-arguments -ffunction-sections -fdata-sections  -fvisibility=hidden -fvisibility-inlines-hidden -Wno-implicit-const-int-float-conversion  -DNDEBUG -O2  -DNDEBUG -o CMakeFiles/cmTC_16887.dir/CheckIncludeFile.c.o -c /Users/tanknee/Documents/LocalCodeRepo/DigitalImageProcess/build_js/CMakeFiles/CMakeTmp/CheckIncludeFile.c
Linking C executable cmTC_16887.js
/usr/local/Cellar/cmake/3.19.2/bin/cmake -E cmake_link_script CMakeFiles/cmTC_16887.dir/link.txt --verbose=1
/Users/tanknee/Documents/LocalCodeRepo/DigitalImageProcess/emsdk/upstream/emscripten/emcc -s USE_PTHREADS=0    -fsigned-char -W -Wall -Werror=return-type -Werror=non-virtual-dtor -Werror=address -Werror=sequence-point -Wformat -Werror=format-security -Wmissing-declarations -Wmissing-prototypes -Wstrict-prototypes -Wundef -Winit-self -Wpointer-arith -Wshadow -Wsign-promo -Wuninitialized -Winconsistent-missing-override -Wno-delete-non-virtual-dtor -Wno-unnamed-type-template-args -Wno-comment -Wno-deprecated-enum-enum-conversion -Wno-deprecated-anon-enum-enum-conversion -fdiagnostics-show-option -pthread -Qunused-arguments -ffunction-sections -fdata-sections  -fvisibility=hidden -fvisibility-inlines-hidden -Wno-implicit-const-int-float-conversion  -DNDEBUG -O2  -DNDEBUG   -Wl,--gc-sections  -O2 @CMakeFiles/cmTC_16887.dir/objects1.rsp -o cmTC_16887.js 



Determining if the include file inttypes.h exists passed with the following output:
Change Dir: /Users/tanknee/Documents/LocalCodeRepo/DigitalImageProcess/build_js/CMakeFiles/CMakeTmp

Run Build Command(s):/usr/bin/make cmTC_eb056/fast && /Users/tanknee/Downloads/Xcode.app/Contents/Developer/usr/bin/make  -f CMakeFiles/cmTC_eb056.dir/build.make CMakeFiles/cmTC_eb056.dir/build
Building C object CMakeFiles/cmTC_eb056.dir/CheckIncludeFile.c.o
/Users/tanknee/Documents/LocalCodeRepo/DigitalImageProcess/emsdk/upstream/emscripten/emcc   -s USE_PTHREADS=0    -fsigned-char -W -Wall -Werror=return-type -Werror=non-virtual-dtor -Werror=address -Werror=sequence-point -Wformat -Werror=format-security -Wmissing-declarations -Wmissing-prototypes -Wstrict-prototypes -Wundef -Winit-self -Wpointer-arith -Wshadow -Wsign-promo -Wuninitialized -Winconsistent-missing-override -Wno-delete-non-virtual-dtor -Wno-unnamed-type-template-args -Wno-comment -Wno-deprecated-enum-enum-conversion -Wno-deprecated-anon-enum-enum-conversion -fdiagnostics-show-option -pthread -Qunused-arguments -ffunction-sections -fdata-sections  -fvisibility=hidden -fvisibility-inlines-hidden -Wno-implicit-const-int-float-conversion  -DNDEBUG -O2  -DNDEBUG -o CMakeFiles/cmTC_eb056.dir/CheckIncludeFile.c.o -c /Users/tanknee/Documents/LocalCodeRepo/DigitalImageProcess/build_js/CMakeFiles/CMakeTmp/CheckIncludeFile.c
Linking C executable cmTC_eb056.js
/usr/local/Cellar/cmake/3.19.2/bin/cmake -E cmake_link_script CMakeFiles/cmTC_eb056.dir/link.txt --verbose=1
/Users/tanknee/Documents/LocalCodeRepo/DigitalImageProcess/emsdk/upstream/emscripten/emcc -s USE_PTHREADS=0    -fsigned-char -W -Wall -Werror=return-type -Werror=non-virtual-dtor -Werror=address -Werror=sequence-point -Wformat -Werror=format-security -Wmissing-declarations -Wmissing-prototypes -Wstrict-prototypes -Wundef -Winit-self -Wpointer-arith -Wshadow -Wsign-promo -Wuninitialized -Winconsistent-missing-override -Wno-delete-non-virtual-dtor -Wno-unnamed-type-template-args -Wno-comment -Wno-deprecated-enum-enum-conversion -Wno-deprecated-anon-enum-enum-conversion -fdiagnostics-show-option -pthread -Qunused-arguments -ffunction-sections -fdata-sections  -fvisibility=hidden -fvisibility-inlines-hidden -Wno-implicit-const-int-float-conversion  -DNDEBUG -O2  -DNDEBUG   -Wl,--gc-sections  -O2 @CMakeFiles/cmTC_eb056.dir/objects1.rsp -o cmTC_eb056.js 



Determining if the include file strings.h exists passed with the following output:
Change Dir: /Users/tanknee/Documents/LocalCodeRepo/DigitalImageProcess/build_js/CMakeFiles/CMakeTmp

Run Build Command(s):/usr/bin/make cmTC_723a5/fast && /Users/tanknee/Downloads/Xcode.app/Contents/Developer/usr/bin/make  -f CMakeFiles/cmTC_723a5.dir/build.make CMakeFiles/cmTC_723a5.dir/build
Building C object CMakeFiles/cmTC_723a5.dir/CheckIncludeFile.c.o
/Users/tanknee/Documents/LocalCodeRepo/DigitalImageProcess/emsdk/upstream/emscripten/emcc   -s USE_PTHREADS=0    -fsigned-char -W -Wall -Werror=return-type -Werror=non-virtual-dtor -Werror=address -Werror=sequence-point -Wformat -Werror=format-security -Wmissing-declarations -Wmissing-prototypes -Wstrict-prototypes -Wundef -Winit-self -Wpointer-arith -Wshadow -Wsign-promo -Wuninitialized -Winconsistent-missing-override -Wno-delete-non-virtual-dtor -Wno-unnamed-type-template-args -Wno-comment -Wno-deprecated-enum-enum-conversion -Wno-deprecated-anon-enum-enum-conversion -fdiagnostics-show-option -pthread -Qunused-arguments -ffunction-sections -fdata-sections  -fvisibility=hidden -fvisibility-inlines-hidden -Wno-implicit-const-int-float-conversion  -DNDEBUG -O2  -DNDEBUG -o CMakeFiles/cmTC_723a5.dir/CheckIncludeFile.c.o -c /Users/tanknee/Documents/LocalCodeRepo/DigitalImageProcess/build_js/CMakeFiles/CMakeTmp/CheckIncludeFile.c
Linking C executable cmTC_723a5.js
/usr/local/Cellar/cmake/3.19.2/bin/cmake -E cmake_link_script CMakeFiles/cmTC_723a5.dir/link.txt --verbose=1
/Users/tanknee/Documents/LocalCodeRepo/DigitalImageProcess/emsdk/upstream/emscripten/emcc -s USE_PTHREADS=0    -fsigned-char -W -Wall -Werror=return-type -Werror=non-virtual-dtor -Werror=address -Werror=sequence-point -Wformat -Werror=format-security -Wmissing-declarations -Wmissing-prototypes -Wstrict-prototypes -Wundef -Winit-self -Wpointer-arith -Wshadow -Wsign-promo -Wuninitialized -Winconsistent-missing-override -Wno-delete-non-virtual-dtor -Wno-unnamed-type-template-args -Wno-comment -Wno-deprecated-enum-enum-conversion -Wno-deprecated-anon-enum-enum-conversion -fdiagnostics-show-option -pthread -Qunused-arguments -ffunction-sections -fdata-sections  -fvisibility=hidden -fvisibility-inlines-hidden -Wno-implicit-const-int-float-conversion  -DNDEBUG -O2  -DNDEBUG   -Wl,--gc-sections  -O2 @CMakeFiles/cmTC_723a5.dir/objects1.rsp -o cmTC_723a5.js 



Determining if the include file sys/stat.h exists passed with the following output:
Change Dir: /Users/tanknee/Documents/LocalCodeRepo/DigitalImageProcess/build_js/CMakeFiles/CMakeTmp

Run Build Command(s):/usr/bin/make cmTC_cbe7a/fast && /Users/tanknee/Downloads/Xcode.app/Contents/Developer/usr/bin/make  -f CMakeFiles/cmTC_cbe7a.dir/build.make CMakeFiles/cmTC_cbe7a.dir/build
Building C object CMakeFiles/cmTC_cbe7a.dir/CheckIncludeFile.c.o
/Users/tanknee/Documents/LocalCodeRepo/DigitalImageProcess/emsdk/upstream/emscripten/emcc   -s USE_PTHREADS=0    -fsigned-char -W -Wall -Werror=return-type -Werror=non-virtual-dtor -Werror=address -Werror=sequence-point -Wformat -Werror=format-security -Wmissing-declarations -Wmissing-prototypes -Wstrict-prototypes -Wundef -Winit-self -Wpointer-arith -Wshadow -Wsign-promo -Wuninitialized -Winconsistent-missing-override -Wno-delete-non-virtual-dtor -Wno-unnamed-type-template-args -Wno-comment -Wno-deprecated-enum-enum-conversion -Wno-deprecated-anon-enum-enum-conversion -fdiagnostics-show-option -pthread -Qunused-arguments -ffunction-sections -fdata-sections  -fvisibility=hidden -fvisibility-inlines-hidden -Wno-implicit-const-int-float-conversion  -DNDEBUG -O2  -DNDEBUG -o CMakeFiles/cmTC_cbe7a.dir/CheckIncludeFile.c.o -c /Users/tanknee/Documents/LocalCodeRepo/DigitalImageProcess/build_js/CMakeFiles/CMakeTmp/CheckIncludeFile.c
Linking C executable cmTC_cbe7a.js
/usr/local/Cellar/cmake/3.19.2/bin/cmake -E cmake_link_script CMakeFiles/cmTC_cbe7a.dir/link.txt --verbose=1
/Users/tanknee/Documents/LocalCodeRepo/DigitalImageProcess/emsdk/upstream/emscripten/emcc -s USE_PTHREADS=0    -fsigned-char -W -Wall -Werror=return-type -Werror=non-virtual-dtor -Werror=address -Werror=sequence-point -Wformat -Werror=format-security -Wmissing-declarations -Wmissing-prototypes -Wstrict-prototypes -Wundef -Winit-self -Wpointer-arith -Wshadow -Wsign-promo -Wuninitialized -Winconsistent-missing-override -Wno-delete-non-virtual-dtor -Wno-unnamed-type-template-args -Wno-comment -Wno-deprecated-enum-enum-conversion -Wno-deprecated-anon-enum-enum-conversion -fdiagnostics-show-option -pthread -Qunused-arguments -ffunction-sections -fdata-sections  -fvisibility=hidden -fvisibility-inlines-hidden -Wno-implicit-const-int-float-conversion  -DNDEBUG -O2  -DNDEBUG   -Wl,--gc-sections  -O2 @CMakeFiles/cmTC_cbe7a.dir/objects1.rsp -o cmTC_cbe7a.js 



Determining if the include file unistd.h exists passed with the following output:
Change Dir: /Users/tanknee/Documents/LocalCodeRepo/DigitalImageProcess/build_js/CMakeFiles/CMakeTmp

Run Build Command(s):/usr/bin/make cmTC_2416e/fast && /Users/tanknee/Downloads/Xcode.app/Contents/Developer/usr/bin/make  -f CMakeFiles/cmTC_2416e.dir/build.make CMakeFiles/cmTC_2416e.dir/build
Building C object CMakeFiles/cmTC_2416e.dir/CheckIncludeFile.c.o
/Users/tanknee/Documents/LocalCodeRepo/DigitalImageProcess/emsdk/upstream/emscripten/emcc   -s USE_PTHREADS=0    -fsigned-char -W -Wall -Werror=return-type -Werror=non-virtual-dtor -Werror=address -Werror=sequence-point -Wformat -Werror=format-security -Wmissing-declarations -Wmissing-prototypes -Wstrict-prototypes -Wundef -Winit-self -Wpointer-arith -Wshadow -Wsign-promo -Wuninitialized -Winconsistent-missing-override -Wno-delete-non-virtual-dtor -Wno-unnamed-type-template-args -Wno-comment -Wno-deprecated-enum-enum-conversion -Wno-deprecated-anon-enum-enum-conversion -fdiagnostics-show-option -pthread -Qunused-arguments -ffunction-sections -fdata-sections  -fvisibility=hidden -fvisibility-inlines-hidden -Wno-implicit-const-int-float-conversion  -DNDEBUG -O2  -DNDEBUG -o CMakeFiles/cmTC_2416e.dir/CheckIncludeFile.c.o -c /Users/tanknee/Documents/LocalCodeRepo/DigitalImageProcess/build_js/CMakeFiles/CMakeTmp/CheckIncludeFile.c
Linking C executable cmTC_2416e.js
/usr/local/Cellar/cmake/3.19.2/bin/cmake -E cmake_link_script CMakeFiles/cmTC_2416e.dir/link.txt --verbose=1
/Users/tanknee/Documents/LocalCodeRepo/DigitalImageProcess/emsdk/upstream/emscripten/emcc -s USE_PTHREADS=0    -fsigned-char -W -Wall -Werror=return-type -Werror=non-virtual-dtor -Werror=address -Werror=sequence-point -Wformat -Werror=format-security -Wmissing-declarations -Wmissing-prototypes -Wstrict-prototypes -Wundef -Winit-self -Wpointer-arith -Wshadow -Wsign-promo -Wuninitialized -Winconsistent-missing-override -Wno-delete-non-virtual-dtor -Wno-unnamed-type-template-args -Wno-comment -Wno-deprecated-enum-enum-conversion -Wno-deprecated-anon-enum-enum-conversion -fdiagnostics-show-option -pthread -Qunused-arguments -ffunction-sections -fdata-sections  -fvisibility=hidden -fvisibility-inlines-hidden -Wno-implicit-const-int-float-conversion  -DNDEBUG -O2  -DNDEBUG   -Wl,--gc-sections  -O2 @CMakeFiles/cmTC_2416e.dir/objects1.rsp -o cmTC_2416e.js 



Determining if files malloc.h exist passed with the following output:
Change Dir: /Users/tanknee/Documents/LocalCodeRepo/DigitalImageProcess/build_js/CMakeFiles/CMakeTmp

Run Build Command(s):/usr/bin/make cmTC_5e4ac/fast && /Users/tanknee/Downloads/Xcode.app/Contents/Developer/usr/bin/make  -f CMakeFiles/cmTC_5e4ac.dir/build.make CMakeFiles/cmTC_5e4ac.dir/build
Building C object CMakeFiles/cmTC_5e4ac.dir/OPJ_HAVE_MALLOC_H.c.o
/Users/tanknee/Documents/LocalCodeRepo/DigitalImageProcess/emsdk/upstream/emscripten/emcc   -s USE_PTHREADS=0    -fsigned-char -W -Wall -Werror=return-type -Werror=non-virtual-dtor -Werror=address -Werror=sequence-point -Wformat -Werror=format-security -Wmissing-declarations -Wmissing-prototypes -Wstrict-prototypes -Wundef -Winit-self -Wpointer-arith -Wshadow -Wsign-promo -Wuninitialized -Winconsistent-missing-override -Wno-delete-non-virtual-dtor -Wno-unnamed-type-template-args -Wno-comment -Wno-deprecated-enum-enum-conversion -Wno-deprecated-anon-enum-enum-conversion -fdiagnostics-show-option -pthread -Qunused-arguments -ffunction-sections -fdata-sections  -fvisibility=hidden -fvisibility-inlines-hidden -Wno-implicit-const-int-float-conversion  -DNDEBUG -O2  -DNDEBUG -o CMakeFiles/cmTC_5e4ac.dir/OPJ_HAVE_MALLOC_H.c.o -c /Users/tanknee/Documents/LocalCodeRepo/DigitalImageProcess/build_js/CMakeFiles/CheckIncludeFiles/OPJ_HAVE_MALLOC_H.c
Linking C executable cmTC_5e4ac.js
/usr/local/Cellar/cmake/3.19.2/bin/cmake -E cmake_link_script CMakeFiles/cmTC_5e4ac.dir/link.txt --verbose=1
/Users/tanknee/Documents/LocalCodeRepo/DigitalImageProcess/emsdk/upstream/emscripten/emcc -s USE_PTHREADS=0    -fsigned-char -W -Wall -Werror=return-type -Werror=non-virtual-dtor -Werror=address -Werror=sequence-point -Wformat -Werror=format-security -Wmissing-declarations -Wmissing-prototypes -Wstrict-prototypes -Wundef -Winit-self -Wpointer-arith -Wshadow -Wsign-promo -Wuninitialized -Winconsistent-missing-override -Wno-delete-non-virtual-dtor -Wno-unnamed-type-template-args -Wno-comment -Wno-deprecated-enum-enum-conversion -Wno-deprecated-anon-enum-enum-conversion -fdiagnostics-show-option -pthread -Qunused-arguments -ffunction-sections -fdata-sections  -fvisibility=hidden -fvisibility-inlines-hidden -Wno-implicit-const-int-float-conversion  -DNDEBUG -O2  -DNDEBUG   -Wl,--gc-sections  -O2 @CMakeFiles/cmTC_5e4ac.dir/objects1.rsp -o cmTC_5e4ac.js 



Determining if the posix_memalign exist passed with the following output:
Change Dir: /Users/tanknee/Documents/LocalCodeRepo/DigitalImageProcess/build_js/CMakeFiles/CMakeTmp

Run Build Command(s):/usr/bin/make cmTC_9c18e/fast && /Users/tanknee/Downloads/Xcode.app/Contents/Developer/usr/bin/make  -f CMakeFiles/cmTC_9c18e.dir/build.make CMakeFiles/cmTC_9c18e.dir/build
Building C object CMakeFiles/cmTC_9c18e.dir/CheckSymbolExists.c.o
/Users/tanknee/Documents/LocalCodeRepo/DigitalImageProcess/emsdk/upstream/emscripten/emcc -D_POSIX_C_SOURCE=200112L  -s USE_PTHREADS=0    -fsigned-char -W -Wall -Werror=return-type -Werror=non-virtual-dtor -Werror=address -Werror=sequence-point -Wformat -Werror=format-security -Wmissing-declarations -Wmissing-prototypes -Wstrict-prototypes -Wundef -Winit-self -Wpointer-arith -Wshadow -Wsign-promo -Wuninitialized -Winconsistent-missing-override -Wno-delete-non-virtual-dtor -Wno-unnamed-type-template-args -Wno-comment -Wno-deprecated-enum-enum-conversion -Wno-deprecated-anon-enum-enum-conversion -fdiagnostics-show-option -pthread -Qunused-arguments -ffunction-sections -fdata-sections  -fvisibility=hidden -fvisibility-inlines-hidden -Wno-implicit-const-int-float-conversion  -DNDEBUG -O2  -DNDEBUG -o CMakeFiles/cmTC_9c18e.dir/CheckSymbolExists.c.o -c /Users/tanknee/Documents/LocalCodeRepo/DigitalImageProcess/build_js/CMakeFiles/CMakeTmp/CheckSymbolExists.c
Linking C executable cmTC_9c18e.js
/usr/local/Cellar/cmake/3.19.2/bin/cmake -E cmake_link_script CMakeFiles/cmTC_9c18e.dir/link.txt --verbose=1
/Users/tanknee/Documents/LocalCodeRepo/DigitalImageProcess/emsdk/upstream/emscripten/emcc -s USE_PTHREADS=0    -fsigned-char -W -Wall -Werror=return-type -Werror=non-virtual-dtor -Werror=address -Werror=sequence-point -Wformat -Werror=format-security -Wmissing-declarations -Wmissing-prototypes -Wstrict-prototypes -Wundef -Winit-self -Wpointer-arith -Wshadow -Wsign-promo -Wuninitialized -Winconsistent-missing-override -Wno-delete-non-virtual-dtor -Wno-unnamed-type-template-args -Wno-comment -Wno-deprecated-enum-enum-conversion -Wno-deprecated-anon-enum-enum-conversion -fdiagnostics-show-option -pthread -Qunused-arguments -ffunction-sections -fdata-sections  -fvisibility=hidden -fvisibility-inlines-hidden -Wno-implicit-const-int-float-conversion  -DNDEBUG -O2  -DNDEBUG   -Wl,--gc-sections  -O2 @CMakeFiles/cmTC_9c18e.dir/objects1.rsp -o cmTC_9c18e.js 


File /Users/tanknee/Documents/LocalCodeRepo/DigitalImageProcess/build_js/CMakeFiles/CMakeTmp/CheckSymbolExists.c:
/* */
#include <stdlib.h>

int main(int argc, char** argv)
{
  (void)argv;
#ifndef posix_memalign
  return ((int*)(&posix_memalign))[argc];
#else
  (void)argc;
  return 0;
#endif
}
Determining if the memalign exist passed with the following output:
Change Dir: /Users/tanknee/Documents/LocalCodeRepo/DigitalImageProcess/build_js/CMakeFiles/CMakeTmp

Run Build Command(s):/usr/bin/make cmTC_ecc63/fast && /Users/tanknee/Downloads/Xcode.app/Contents/Developer/usr/bin/make  -f CMakeFiles/cmTC_ecc63.dir/build.make CMakeFiles/cmTC_ecc63.dir/build
Building C object CMakeFiles/cmTC_ecc63.dir/CheckSymbolExists.c.o
/Users/tanknee/Documents/LocalCodeRepo/DigitalImageProcess/emsdk/upstream/emscripten/emcc   -s USE_PTHREADS=0    -fsigned-char -W -Wall -Werror=return-type -Werror=non-virtual-dtor -Werror=address -Werror=sequence-point -Wformat -Werror=format-security -Wmissing-declarations -Wmissing-prototypes -Wstrict-prototypes -Wundef -Winit-self -Wpointer-arith -Wshadow -Wsign-promo -Wuninitialized -Winconsistent-missing-override -Wno-delete-non-virtual-dtor -Wno-unnamed-type-template-args -Wno-comment -Wno-deprecated-enum-enum-conversion -Wno-deprecated-anon-enum-enum-conversion -fdiagnostics-show-option -pthread -Qunused-arguments -ffunction-sections -fdata-sections  -fvisibility=hidden -fvisibility-inlines-hidden -Wno-implicit-const-int-float-conversion  -DNDEBUG -O2  -DNDEBUG -o CMakeFiles/cmTC_ecc63.dir/CheckSymbolExists.c.o -c /Users/tanknee/Documents/LocalCodeRepo/DigitalImageProcess/build_js/CMakeFiles/CMakeTmp/CheckSymbolExists.c
Linking C executable cmTC_ecc63.js
/usr/local/Cellar/cmake/3.19.2/bin/cmake -E cmake_link_script CMakeFiles/cmTC_ecc63.dir/link.txt --verbose=1
/Users/tanknee/Documents/LocalCodeRepo/DigitalImageProcess/emsdk/upstream/emscripten/emcc -s USE_PTHREADS=0    -fsigned-char -W -Wall -Werror=return-type -Werror=non-virtual-dtor -Werror=address -Werror=sequence-point -Wformat -Werror=format-security -Wmissing-declarations -Wmissing-prototypes -Wstrict-prototypes -Wundef -Winit-self -Wpointer-arith -Wshadow -Wsign-promo -Wuninitialized -Winconsistent-missing-override -Wno-delete-non-virtual-dtor -Wno-unnamed-type-template-args -Wno-comment -Wno-deprecated-enum-enum-conversion -Wno-deprecated-anon-enum-enum-conversion -fdiagnostics-show-option -pthread -Qunused-arguments -ffunction-sections -fdata-sections  -fvisibility=hidden -fvisibility-inlines-hidden -Wno-implicit-const-int-float-conversion  -DNDEBUG -O2  -DNDEBUG   -Wl,--gc-sections  -O2 @CMakeFiles/cmTC_ecc63.dir/objects1.rsp -o cmTC_ecc63.js 


File /Users/tanknee/Documents/LocalCodeRepo/DigitalImageProcess/build_js/CMakeFiles/CMakeTmp/CheckSymbolExists.c:
/* */
#include <malloc.h>

int main(int argc, char** argv)
{
  (void)argv;
#ifndef memalign
  return ((int*)(&memalign))[argc];
#else
  (void)argc;
  return 0;
#endif
}
Performing C SOURCE FILE Test CMAKE_HAVE_LIBC_PTHREAD succeeded with the following output:
Change Dir: /Users/tanknee/Documents/LocalCodeRepo/DigitalImageProcess/build_js/CMakeFiles/CMakeTmp

Run Build Command(s):/usr/bin/make cmTC_ffc48/fast && /Users/tanknee/Downloads/Xcode.app/Contents/Developer/usr/bin/make  -f CMakeFiles/cmTC_ffc48.dir/build.make CMakeFiles/cmTC_ffc48.dir/build
Building C object CMakeFiles/cmTC_ffc48.dir/src.c.o
/Users/tanknee/Documents/LocalCodeRepo/DigitalImageProcess/emsdk/upstream/emscripten/emcc -DCMAKE_HAVE_LIBC_PTHREAD  -s USE_PTHREADS=0    -fsigned-char -W -Wall -Werror=return-type -Werror=non-virtual-dtor -Werror=address -Werror=sequence-point -Wformat -Werror=format-security -Wmissing-declarations -Wmissing-prototypes -Winit-self -Wpointer-arith -Wshadow -Wsign-promo -Wuninitialized -Winconsistent-missing-override -Wno-delete-non-virtual-dtor -Wno-unnamed-type-template-args -Wno-comment -Wno-deprecated-enum-enum-conversion -Wno-deprecated-anon-enum-enum-conversion -fdiagnostics-show-option -pthread -Qunused-arguments -ffunction-sections -fdata-sections  -fvisibility=hidden -fvisibility-inlines-hidden -Wno-implicit-const-int-float-conversion -Wno-undef -Wno-strict-prototypes  -DNDEBUG -O2  -DNDEBUG -o CMakeFiles/cmTC_ffc48.dir/src.c.o -c /Users/tanknee/Documents/LocalCodeRepo/DigitalImageProcess/build_js/CMakeFiles/CMakeTmp/src.c
Linking C executable cmTC_ffc48.js
/usr/local/Cellar/cmake/3.19.2/bin/cmake -E cmake_link_script CMakeFiles/cmTC_ffc48.dir/link.txt --verbose=1
/Users/tanknee/Documents/LocalCodeRepo/DigitalImageProcess/emsdk/upstream/emscripten/emcc -s USE_PTHREADS=0    -fsigned-char -W -Wall -Werror=return-type -Werror=non-virtual-dtor -Werror=address -Werror=sequence-point -Wformat -Werror=format-security -Wmissing-declarations -Wmissing-prototypes -Winit-self -Wpointer-arith -Wshadow -Wsign-promo -Wuninitialized -Winconsistent-missing-override -Wno-delete-non-virtual-dtor -Wno-unnamed-type-template-args -Wno-comment -Wno-deprecated-enum-enum-conversion -Wno-deprecated-anon-enum-enum-conversion -fdiagnostics-show-option -pthread -Qunused-arguments -ffunction-sections -fdata-sections  -fvisibility=hidden -fvisibility-inlines-hidden -Wno-implicit-const-int-float-conversion -Wno-undef -Wno-strict-prototypes  -DNDEBUG -O2  -DNDEBUG   -Wl,--gc-sections  -O2 @CMakeFiles/cmTC_ffc48.dir/objects1.rsp -o cmTC_ffc48.js 


Source file was:
#include <pthread.h>

static void* test_func(void* data)
{
  return data;
}

int main(void)
{
  pthread_t thread;
  pthread_create(&thread, NULL, test_func, NULL);
  pthread_detach(thread);
  pthread_cancel(thread);
  pthread_join(thread, NULL);
  pthread_atfork(NULL, NULL, NULL);
  pthread_exit(NULL);

  return 0;
}

